<?xml version="1.0" encoding="UTF-8"?>
<!-- Generated by org.testng.reporters.JUnitReportReporter -->
<testsuite hostname="ojt2-PC" name="DriverFactory.AppTest" tests="1" failures="0" timestamp="18 Dec 2019 04:32:51 GMT" time="63.630" errors="0">
  <testcase name="startTest" time="63.630" classname="DriverFactory.AppTest"/>
</testsuite> <!-- DriverFactory.AppTest -->
